+ module purge
+ local __lmod_my_status
+ local __lmod_sh_dbg
+ '[' -z '' ']'
+ case "$-" in
+ __lmod_sh_dbg=x
+ '[' -n x ']'
+ set +x
Shell debugging temporarily silenced: export LMOD_SH_DBG_ON=1 for Lmod's output
unload bsc/1.0 (PATH, MANPATH)
Shell debugging restarted
+ return 0
+ module load singularity
+ local __lmod_my_status
+ local __lmod_sh_dbg
+ '[' -z '' ']'
+ case "$-" in
+ __lmod_sh_dbg=x
+ '[' -n x ']'
+ set +x
Shell debugging temporarily silenced: export LMOD_SH_DBG_ON=1 for Lmod's output
load SINGULARITY/3.11.5 (PATH)
Shell debugging restarted
+ return 0
+ GPUS_PER_NODE=4
+ LAUNCHER='python -u -m torch.distributed.run     --nproc_per_node 4     --node_rank $SLURM_PROCID     --max_restarts 0     --role $(hostname -s|tr -dc '\''0-9'\''):     --tee 3     '
+ PYTHON_FILE=/home/upc/upc580327/MN5-Distributed-PyTorch/my_first_distributed_app/my_first_distributed_app.py
+ export 'CMD=python -u -m torch.distributed.run     --nproc_per_node 4     --node_rank $SLURM_PROCID     --max_restarts 0     --role $(hostname -s|tr -dc '\''0-9'\''):     --tee 3      /home/upc/upc580327/MN5-Distributed-PyTorch/my_first_distributed_app/my_first_distributed_app.py'
+ CMD='python -u -m torch.distributed.run     --nproc_per_node 4     --node_rank $SLURM_PROCID     --max_restarts 0     --role $(hostname -s|tr -dc '\''0-9'\''):     --tee 3      /home/upc/upc580327/MN5-Distributed-PyTorch/my_first_distributed_app/my_first_distributed_app.py'
+ echo python -u -m torch.distributed.run --nproc_per_node 4 --node_rank '$SLURM_PROCID' --max_restarts 0 --role '$(hostname' '-s|tr' -dc ''\''0-9'\''):' --tee 3 /home/upc/upc580327/MN5-Distributed-PyTorch/my_first_distributed_app/my_first_distributed_app.py
+ SRUN_ARGS='     --cpus-per-task 80     --jobid 1182089     --wait 60     '
+ SINGULARITY_CONTAINER=/home/upc/upc580327/MN5-Distributed-PyTorch/MN5-NGC-PyTorch-24.03.sif
+ SINGULARITY_ARGS='     --bind /home/upc/upc580327/MN5-Distributed-PyTorch     /home/upc/upc580327/MN5-Distributed-PyTorch/MN5-NGC-PyTorch-24.03.sif     '
+ srun --cpus-per-task 80 --jobid 1182089 --wait 60 singularity exec --nv --bind /home/upc/upc580327/MN5-Distributed-PyTorch /home/upc/upc580327/MN5-Distributed-PyTorch/MN5-NGC-PyTorch-24.03.sif bash -c 'python -u -m torch.distributed.run     --nproc_per_node 4     --node_rank $SLURM_PROCID     --max_restarts 0     --role $(hostname -s|tr -dc '\''0-9'\''):     --tee 3      /home/upc/upc580327/MN5-Distributed-PyTorch/my_first_distributed_app/my_first_distributed_app.py'
15:4: not a valid test operator:  
15:4: not a valid test operator: 12.4
21:4: not a valid test operator: (
21:4: not a valid test operator: 535.86.10
++ date
+ echo 'END TIME: Sun Apr 28 22:55:57 CEST 2024'
